<?xml version="1.0" encoding="UTF-8" ?>
<testsuite tests="5" failures="0" name="com.sg.jdbctcomplexexample.dao.RoomDaoDBTest" time="0.744" errors="0" skipped="0">
  <properties>
[...]
</properties>
  <testcase classname="com.sg.jdbctcomplexexample.dao.RoomDaoDBTest" name="testAddRoom" time="0.696"/>
  <testcase classname="com.sg.jdbctcomplexexample.dao.RoomDaoDBTest" name="testGetAllRooms" time="0.003"/>
  <testcase classname="com.sg.jdbctcomplexexample.dao.RoomDaoDBTest" name="testUpdateRoom" time="0.007"/>
  <testcase classname="com.sg.jdbctcomplexexample.dao.RoomDaoDBTest" name="testDeleteRoomById" time="0.006"/>
  <testcase classname="com.sg.jdbctcomplexexample.dao.RoomDaoDBTest" name="testAddGetRoom" time="0.032"/>
</testsuite>