<?xml version="1.0" encoding="UTF-8"?>
<testsuite xmlns:xsi="http://www.w3.org/2001/XMLSchema-instance" xsi:noNamespaceSchemaLocation="https://maven.apache.org/surefire/maven-surefire-plugin/xsd/surefire-test-report-3.0.xsd" version="3.0" name="com.skshazena.vendingmachine.dao.VendingMachineDaoFileImplTest" time="0.055" tests="4" errors="0" skipped="0" failures="0">
  <properties>
[...]
</properties>
  <testcase name="testAddItem" classname="com.skshazena.vendingmachine.dao.VendingMachineDaoFileImplTest" time="0.035"/>
  <testcase name="testAddGetAllItems" classname="com.skshazena.vendingmachine.dao.VendingMachineDaoFileImplTest" time="0.004"/>
  <testcase name="testRemoveItems" classname="com.skshazena.vendingmachine.dao.VendingMachineDaoFileImplTest" time="0.005"/>
  <testcase name="testAddGet2Items" classname="com.skshazena.vendingmachine.dao.VendingMachineDaoFileImplTest" time="0.003"/>
</testsuite>