<?xml version="1.0" encoding="UTF-8"?>
<testsuite xmlns:xsi="http://www.w3.org/2001/XMLSchema-instance" xsi:noNamespaceSchemaLocation="https://maven.apache.org/surefire/maven-surefire-plugin/xsd/surefire-test-report-3.0.xsd" version="3.0" name="com.skshazena.vendingmachine.service.VendingMachineServiceImplTest" time="0.411" tests="20" errors="0" skipped="0" failures="0">
  <properties>
[...]
</properties>
  <testcase name="testCalculateChange" classname="com.skshazena.vendingmachine.service.VendingMachineServiceImplTest" time="0.002"/>
  <testcase name="testPurchaseItemNotAnItemInTheMachine" classname="com.skshazena.vendingmachine.service.VendingMachineServiceImplTest" time="0"/>
  <testcase name="testPurchaseItemZeroInventory" classname="com.skshazena.vendingmachine.service.VendingMachineServiceImplTest" time="0.001"/>
  <testcase name="testAddInvalidItem" classname="com.skshazena.vendingmachine.service.VendingMachineServiceImplTest" time="0"/>
  <testcase name="testGetZeroQuantityItemMaintenance" classname="com.skshazena.vendingmachine.service.VendingMachineServiceImplTest" time="0"/>
  <testcase name="testPurchaseItemNotEnoughMoney" classname="com.skshazena.vendingmachine.service.VendingMachineServiceImplTest" time="0.006"/>
  <testcase name="testGetAllItemsMaintenance" classname="com.skshazena.vendingmachine.service.VendingMachineServiceImplTest" time="0"/>
  <testcase name="testAddValidItem" classname="com.skshazena.vendingmachine.service.VendingMachineServiceImplTest" time="0.001"/>
  <testcase name="testGetNonZeroItemPurchase" classname="com.skshazena.vendingmachine.service.VendingMachineServiceImplTest" time="0"/>
  <testcase name="testUpdateValidItem" classname="com.skshazena.vendingmachine.service.VendingMachineServiceImplTest" time="0.008"/>
  <testcase name="testUpdateInvalidItem" classname="com.skshazena.vendingmachine.service.VendingMachineServiceImplTest" time="0"/>
  <testcase name="testUpdateNoSuchInventoryItem" classname="com.skshazena.vendingmachine.service.VendingMachineServiceImplTest" time="0.001"/>
  <testcase name="testPurchaseItemExtraMoney" classname="com.skshazena.vendingmachine.service.VendingMachineServiceImplTest" time="0"/>
  <testcase name="testGetAllItemsPurchase" classname="com.skshazena.vendingmachine.service.VendingMachineServiceImplTest" time="0"/>
  <testcase name="testRemoveItemFromInventory" classname="com.skshazena.vendingmachine.service.VendingMachineServiceImplTest" time="0.001"/>
  <testcase name="testRemoveInvalidItemFromInventory" classname="com.skshazena.vendingmachine.service.VendingMachineServiceImplTest" time="0.001"/>
  <testcase name="testGetZeroQuantityItemPurchase" classname="com.skshazena.vendingmachine.service.VendingMachineServiceImplTest" time="0.001"/>
  <testcase name="testPurchaseItemExactMoney" classname="com.skshazena.vendingmachine.service.VendingMachineServiceImplTest" time="0"/>
  <testcase name="testGetNonZeroItemMaintenance" classname="com.skshazena.vendingmachine.service.VendingMachineServiceImplTest" time="0"/>
  <testcase name="testAddDuplicateItem" classname="com.skshazena.vendingmachine.service.VendingMachineServiceImplTest" time="0.003"/>
</testsuite>