<?xml version="1.0" encoding="UTF-8"?>
<testsuite xmlns:xsi="http://www.w3.org/2001/XMLSchema-instance" xsi:noNamespaceSchemaLocation="https://maven.apache.org/surefire/maven-surefire-plugin/xsd/surefire-test-report-3.0.xsd" version="3.0" name="com.skshazena.flooringmastery.dao.FlooringProductDaoFileImplTest" time="0.253" tests="4" errors="0" skipped="0" failures="0">
  <properties>
[...]
</properties>
  <testcase name="testAdd2GetAllProducts" classname="com.skshazena.flooringmastery.dao.FlooringProductDaoFileImplTest" time="0.113"/>
  <testcase name="testRemoveProducts" classname="com.skshazena.flooringmastery.dao.FlooringProductDaoFileImplTest" time="0.057"/>
  <testcase name="testAddProduct" classname="com.skshazena.flooringmastery.dao.FlooringProductDaoFileImplTest" time="0.038"/>
  <testcase name="testEditProduct" classname="com.skshazena.flooringmastery.dao.FlooringProductDaoFileImplTest" time="0.041"/>
</testsuite>