<?xml version="1.0" encoding="UTF-8"?>
<testsuite xmlns:xsi="http://www.w3.org/2001/XMLSchema-instance" xsi:noNamespaceSchemaLocation="https://maven.apache.org/surefire/maven-surefire-plugin/xsd/surefire-test-report.xsd" name="com.skshazena.bullsandcows.dao.RoundDaoDBTest" time="0.157" tests="5" errors="0" skipped="0" failures="0">
  <properties>
[...]
</properties>
  <testcase name="testUpdateRound" classname="com.skshazena.bullsandcows.dao.RoundDaoDBTest" time="0.009"/>
  <testcase name="testGetAllRounds" classname="com.skshazena.bullsandcows.dao.RoundDaoDBTest" time="0.048"/>
  <testcase name="testDeleteRoundById" classname="com.skshazena.bullsandcows.dao.RoundDaoDBTest" time="0.033"/>
  <testcase name="testGetAllRoundsByGameId" classname="com.skshazena.bullsandcows.dao.RoundDaoDBTest" time="0.033"/>
  <testcase name="testAddGetRoundById" classname="com.skshazena.bullsandcows.dao.RoundDaoDBTest" time="0.031"/>
</testsuite>